<?xml version="1.0" encoding="UTF-8" ?>
<testsuite tests="23" failures="0" name="it.senseisrl.mitiga.survey.CoinboxTest" time="0.078" errors="0" skipped="0">
  <properties>
    <property name="java.runtime.name" value="Java(TM) SE Runtime Environment"/>
    <property name="sun.boot.library.path" value="C:\Program Files\Java\jdk1.8.0_131\jre\bin"/>
    <property name="java.vm.version" value="25.131-b11"/>
    <property name="java.vm.vendor" value="Oracle Corporation"/>
    <property name="maven.multiModuleProjectDirectory" value="C:\Developer\eclipse-workspace\testingDataGenerator"/>
    <property name="java.vendor.url" value="http://java.oracle.com/"/>
    <property name="path.separator" value=";"/>
    <property name="guice.disable.misplaced.annotation.check" value="true"/>
    <property name="java.vm.name" value="Java HotSpot(TM) 64-Bit Server VM"/>
    <property name="file.encoding.pkg" value="sun.io"/>
    <property name="user.script" value=""/>
    <property name="user.country" value="IT"/>
    <property name="sun.java.launcher" value="SUN_STANDARD"/>
    <property name="sun.os.patch.level" value=""/>
    <property name="java.vm.specification.name" value="Java Virtual Machine Specification"/>
    <property name="user.dir" value="C:\Developer\eclipse-workspace\testingDataGenerator"/>
    <property name="java.runtime.version" value="1.8.0_131-b11"/>
    <property name="java.awt.graphicsenv" value="sun.awt.Win32GraphicsEnvironment"/>
    <property name="java.endorsed.dirs" value="C:\Program Files\Java\jdk1.8.0_131\jre\lib\endorsed"/>
    <property name="os.arch" value="amd64"/>
    <property name="java.io.tmpdir" value="C:\Users\Sensei\AppData\Local\Temp\"/>
    <property name="line.separator" value="
"/>
    <property name="java.vm.specification.vendor" value="Oracle Corporation"/>
    <property name="user.variant" value=""/>
    <property name="os.name" value="Windows 10"/>
    <property name="classworlds.conf" value="C:\Developer\maven\apache-maven-3.5.0\bin\..\bin\m2.conf"/>
    <property name="sun.jnu.encoding" value="Cp1252"/>
    <property name="java.library.path" value="C:\Program Files\Java\jdk1.8.0_131\bin;C:\WINDOWS\Sun\Java\bin;C:\WINDOWS\system32;C:\WINDOWS;C:\ProgramData\Oracle\Java\javapath;C:\WINDOWS\system32;C:\WINDOWS;C:\WINDOWS\System32\Wbem;C:\WINDOWS\System32\WindowsPowerShell\v1.0\;C:\Program Files\OpenVPN\bin;C:\Program Files\Java\jdk1.8.0_131\bin;C:\Developer\maven\apache-maven-3.5.0\bin;C:\Developer\PostgreSQL\pgJDBC\postgresql-42.1.1.jar;C:\Developer\nodejs\;C:\Program Files\MySQL\MySQL Utilities 1.6\;C:\Users\Sensei\AppData\Local\Microsoft\WindowsApps;;."/>
    <property name="maven.conf" value="C:\Developer\maven\apache-maven-3.5.0\bin\../conf"/>
    <property name="java.specification.name" value="Java Platform API Specification"/>
    <property name="java.class.version" value="52.0"/>
    <property name="sun.management.compiler" value="HotSpot 64-Bit Tiered Compilers"/>
    <property name="os.version" value="10.0"/>
    <property name="library.jansi.path" value="C:\Developer\maven\apache-maven-3.5.0\bin\..\lib\jansi-native\windows64"/>
    <property name="user.home" value="C:\Users\Sensei"/>
    <property name="user.timezone" value="Europe/Berlin"/>
    <property name="java.awt.printerjob" value="sun.awt.windows.WPrinterJob"/>
    <property name="java.specification.version" value="1.8"/>
    <property name="file.encoding" value="Cp1252"/>
    <property name="user.name" value="Sensei"/>
    <property name="java.class.path" value="C:\Developer\maven\apache-maven-3.5.0\bin\..\boot\plexus-classworlds-2.5.2.jar"/>
    <property name="java.vm.specification.version" value="1.8"/>
    <property name="sun.arch.data.model" value="64"/>
    <property name="java.home" value="C:\Program Files\Java\jdk1.8.0_131\jre"/>
    <property name="sun.java.command" value="org.codehaus.plexus.classworlds.launcher.Launcher compile install"/>
    <property name="java.specification.vendor" value="Oracle Corporation"/>
    <property name="user.language" value="it"/>
    <property name="awt.toolkit" value="sun.awt.windows.WToolkit"/>
    <property name="java.vm.info" value="mixed mode"/>
    <property name="java.version" value="1.8.0_131"/>
    <property name="java.ext.dirs" value="C:\Program Files\Java\jdk1.8.0_131\jre\lib\ext;C:\WINDOWS\Sun\Java\lib\ext"/>
    <property name="sun.boot.class.path" value="C:\Program Files\Java\jdk1.8.0_131\jre\lib\resources.jar;C:\Program Files\Java\jdk1.8.0_131\jre\lib\rt.jar;C:\Program Files\Java\jdk1.8.0_131\jre\lib\sunrsasign.jar;C:\Program Files\Java\jdk1.8.0_131\jre\lib\jsse.jar;C:\Program Files\Java\jdk1.8.0_131\jre\lib\jce.jar;C:\Program Files\Java\jdk1.8.0_131\jre\lib\charsets.jar;C:\Program Files\Java\jdk1.8.0_131\jre\lib\jfr.jar;C:\Program Files\Java\jdk1.8.0_131\jre\classes"/>
    <property name="sun.stderr.encoding" value="cp850"/>
    <property name="java.vendor" value="Oracle Corporation"/>
    <property name="maven.home" value="C:\Developer\maven\apache-maven-3.5.0\bin\.."/>
    <property name="file.separator" value="\"/>
    <property name="java.vendor.url.bug" value="http://bugreport.sun.com/bugreport/"/>
    <property name="sun.cpu.endian" value="little"/>
    <property name="sun.io.unicode.encoding" value="UnicodeLittle"/>
    <property name="sun.stdout.encoding" value="cp850"/>
    <property name="sun.desktop" value="windows"/>
    <property name="sun.cpu.isalist" value="amd64"/>
  </properties>
  <testcase classname="it.senseisrl.mitiga.survey.CoinboxTest" name="testCombination2" time="0.015"/>
  <testcase classname="it.senseisrl.mitiga.survey.CoinboxTest" name="testSevenCoins" time="0"/>
  <testcase classname="it.senseisrl.mitiga.survey.CoinboxTest" name="testThreeCoins" time="0"/>
  <testcase classname="it.senseisrl.mitiga.survey.CoinboxTest" name="testTwoCoins" time="0"/>
  <testcase classname="it.senseisrl.mitiga.survey.CoinboxTest" name="testOneCoin" time="0"/>
  <testcase classname="it.senseisrl.mitiga.survey.CoinboxTest" name="testSixCoins2" time="0"/>
  <testcase classname="it.senseisrl.mitiga.survey.CoinboxTest" name="testMod" time="0"/>
  <testcase classname="it.senseisrl.mitiga.survey.CoinboxTest" name="testCombination" time="0.016"/>
  <testcase classname="it.senseisrl.mitiga.survey.CoinboxTest" name="testCollectedCoins" time="0.016"/>
  <testcase classname="it.senseisrl.mitiga.survey.CoinboxTest" name="testThreeCoins2" time="0"/>
  <testcase classname="it.senseisrl.mitiga.survey.CoinboxTest" name="testFiveCoins" time="0"/>
  <testcase classname="it.senseisrl.mitiga.survey.CoinboxTest" name="testDifferentInputSequence" time="0.015"/>
  <testcase classname="it.senseisrl.mitiga.survey.CoinboxTest" name="testTwoCoins2" time="0"/>
  <testcase classname="it.senseisrl.mitiga.survey.CoinboxTest" name="testTwoCoins3" time="0"/>
  <testcase classname="it.senseisrl.mitiga.survey.CoinboxTest" name="testEightCoins" time="0"/>
  <testcase classname="it.senseisrl.mitiga.survey.CoinboxTest" name="testReturnQtrs" time="0"/>
  <testcase classname="it.senseisrl.mitiga.survey.CoinboxTest" name="testSequence2Coins" time="0"/>
  <testcase classname="it.senseisrl.mitiga.survey.CoinboxTest" name="testFiveCoins2" time="0"/>
  <testcase classname="it.senseisrl.mitiga.survey.CoinboxTest" name="testFourCoins" time="0"/>
  <testcase classname="it.senseisrl.mitiga.survey.CoinboxTest" name="testSequenceCoins" time="0.016"/>
  <testcase classname="it.senseisrl.mitiga.survey.CoinboxTest" name="testSixCoins" time="0"/>
  <testcase classname="it.senseisrl.mitiga.survey.CoinboxTest" name="testReturnQtrs2" time="0"/>
  <testcase classname="it.senseisrl.mitiga.survey.CoinboxTest" name="testReturnQtrs3" time="0"/>
</testsuite>